<?xml version="1.0" encoding="UTF-8"?>
<testsuite name="com.prolearner.springbootgke.SpringbootgkeApplicationTests" tests="1" skipped="0" failures="0" errors="0" timestamp="2024-07-13T19:48:23" hostname="MyComps-Laptop.local" time="0.358">
  <properties/>
  <testcase name="contextLoads()" classname="com.prolearner.springbootgke.SpringbootgkeApplicationTests" time="0.358"/>
  <system-out><![CDATA[01:18:23.436 [Test worker] INFO org.springframework.test.context.support.AnnotationConfigContextLoaderUtils -- Could not detect default configuration classes for test class [com.prolearner.springbootgke.SpringbootgkeApplicationTests]: SpringbootgkeApplicationTests does not declare any static, non-private, non-final, nested classes annotated with @Configuration.
01:18:23.475 [Test worker] INFO org.springframework.boot.test.context.SpringBootTestContextBootstrapper -- Found @SpringBootConfiguration com.prolearner.springbootgke.SpringbootgkeApplication for test class com.prolearner.springbootgke.SpringbootgkeApplicationTests

  .   ____          _            __ _ _
 /\\ / ___'_ __ _ _(_)_ __  __ _ \ \ \ \
( ( )\___ | '_ | '_| | '_ \/ _` | \ \ \ \
 \\/  ___)| |_)| | | | | || (_| |  ) ) ) )
  '  |____| .__|_| |_|_| |_\__, | / / / /
 =========|_|==============|___/=/_/_/_/

 :: Spring Boot ::                (v3.3.1)

2024-07-14T01:18:23.583+05:30  INFO 3000 --- [springbootgke] [    Test worker] c.p.s.SpringbootgkeApplicationTests      : Starting SpringbootgkeApplicationTests using Java 17.0.11 with PID 3000 (started by mycomp in /Users/mycomp/Learning/Springboot/springbootgke)
2024-07-14T01:18:23.584+05:30  INFO 3000 --- [springbootgke] [    Test worker] c.p.s.SpringbootgkeApplicationTests      : No active profile set, falling back to 1 default profile: "default"
2024-07-14T01:18:23.884+05:30  INFO 3000 --- [springbootgke] [    Test worker] c.p.s.SpringbootgkeApplicationTests      : Started SpringbootgkeApplicationTests in 0.368 seconds (process running for 0.743)
]]></system-out>
  <system-err><![CDATA[]]></system-err>
</testsuite>
